2025-04-22 12:17:43 INFO log.py:21: Yasb v1.7.0
2025-04-22 12:17:43 INFO config.py:61: Created default config file at C:\Users\user\.config\yasb\config.yaml
2025-04-22 12:17:43 INFO config.py:75: Created default stylesheet at C:\Users\user\.config\yasb\styles.css
2025-04-22 12:17:43 DEBUG win32.py:55: Looking up time zone info from registry
2025-04-22 12:17:43 INFO weather.py:349: Fetched new weather data at 2025-04-22 12:17:43.906487
2025-04-22 12:17:43 DEBUG __init__.py:149: CoInitializeEx(None, 2)
2025-04-22 12:17:44 INFO watcher.py:39: Created file watcher for path C:\Users\user\.config\yasb
2025-04-22 12:17:44 INFO event_listener.py:53: Created named pipe yasb-f0b421f2-1f8c-11f0-9fba-0a6110150034
2025-04-22 12:17:44 DEBUG _windows.py:213: Starting (proactor: <_IocpProactor overlapped#=0 result#=0>)...
2025-04-22 12:17:44 DEBUG _windows.py:192: Thread started
2025-04-22 12:19:50 INFO log.py:21: Yasb v1.7.0
2025-04-22 12:19:50 DEBUG win32.py:55: Looking up time zone info from registry
2025-04-22 12:19:50 INFO weather.py:349: Fetched new weather data at 2025-04-22 12:19:50.967464
2025-04-22 12:19:50 DEBUG __init__.py:149: CoInitializeEx(None, 2)
2025-04-22 12:19:51 INFO watcher.py:39: Created file watcher for path C:\Users\user\.config\yasb
2025-04-22 12:19:51 INFO event_listener.py:53: Created named pipe yasb-3c6a26a1-1f8d-11f0-8240-0a6110150034
2025-04-22 12:19:51 DEBUG _windows.py:213: Starting (proactor: <_IocpProactor overlapped#=0 result#=0>)...
2025-04-22 12:19:51 DEBUG _windows.py:192: Thread started
2025-04-22 12:19:52 WARNING weather.py:395: Could not load icon http://cdn.weatherapi.com/weather/64x64/day/122.png: <urlopen error timed out>
2025-04-22 12:21:01 ERROR config.py:118: The file 'C:\Users\user\.config\yasb\config.yaml' contains Parser Error(s). Please fix:
while parsing a flow sequence
  in "C:\Users\user\.config\yasb\config.yaml", line 40, column 13
expected ',' or ']', but got '<scalar>'
  in "C:\Users\user\.config\yasb\config.yaml", line 43, column 9
2025-04-22 12:21:01 ERROR config.py:118: The file 'C:\Users\user\.config\yasb\config.yaml' contains Parser Error(s). Please fix:
while parsing a flow sequence
  in "C:\Users\user\.config\yasb\config.yaml", line 40, column 13
expected ',' or ']', but got '<scalar>'
  in "C:\Users\user\.config\yasb\config.yaml", line 43, column 9
2025-04-22 12:21:01 ERROR config.py:118: The file 'C:\Users\user\.config\yasb\config.yaml' contains Parser Error(s). Please fix:
while parsing a flow sequence
  in "C:\Users\user\.config\yasb\config.yaml", line 40, column 13
expected ',' or ']', but got '<scalar>'
  in "C:\Users\user\.config\yasb\config.yaml", line 43, column 9
2025-04-22 12:21:01 ERROR config.py:118: The file 'C:\Users\user\.config\yasb\config.yaml' contains Parser Error(s). Please fix:
while parsing a flow sequence
  in "C:\Users\user\.config\yasb\config.yaml", line 40, column 13
expected ',' or ']', but got '<scalar>'
  in "C:\Users\user\.config\yasb\config.yaml", line 43, column 9
2025-04-22 12:21:31 ERROR config.py:118: The file 'C:\Users\user\.config\yasb\config.yaml' contains Parser Error(s). Please fix:
while parsing a flow sequence
  in "C:\Users\user\.config\yasb\config.yaml", line 40, column 13
expected ',' or ']', but got '<scalar>'
  in "C:\Users\user\.config\yasb\config.yaml", line 43, column 9
2025-04-22 12:21:31 ERROR config.py:118: The file 'C:\Users\user\.config\yasb\config.yaml' contains Parser Error(s). Please fix:
while parsing a flow sequence
  in "C:\Users\user\.config\yasb\config.yaml", line 40, column 13
expected ',' or ']', but got '<scalar>'
  in "C:\Users\user\.config\yasb\config.yaml", line 43, column 9
2025-04-22 12:21:31 ERROR config.py:118: The file 'C:\Users\user\.config\yasb\config.yaml' contains Parser Error(s). Please fix:
while parsing a flow sequence
  in "C:\Users\user\.config\yasb\config.yaml", line 40, column 13
expected ',' or ']', but got '<scalar>'
  in "C:\Users\user\.config\yasb\config.yaml", line 43, column 9
2025-04-22 12:21:37 INFO controller.py:27: Exiting Application from tray...
2025-04-22 12:21:37 DEBUG _windows.py:218: Stopping worker thread...
2025-04-22 12:21:37 DEBUG _windows.py:201: Exiting thread
2025-04-22 12:21:37 DEBUG _windows.py:75: Closing
2025-04-22 12:21:39 INFO log.py:21: Yasb v1.7.0
2025-04-22 12:21:39 ERROR config.py:118: The file 'C:\Users\user\.config\yasb\config.yaml' contains Parser Error(s). Please fix:
while parsing a flow sequence
  in "C:\Users\user\.config\yasb\config.yaml", line 40, column 13
expected ',' or ']', but got '<scalar>'
  in "C:\Users\user\.config\yasb\config.yaml", line 43, column 9
2025-04-22 12:21:39 ERROR config.py:171: User config file could not be loaded. Exiting Application.
2025-04-22 12:21:50 INFO log.py:21: Yasb v1.7.0
2025-04-22 12:21:50 ERROR config.py:118: The file 'C:\Users\user\.config\yasb\config.yaml' contains Parser Error(s). Please fix:
while parsing a flow sequence
  in "C:\Users\user\.config\yasb\config.yaml", line 40, column 13
expected ',' or ']', but got '<scalar>'
  in "C:\Users\user\.config\yasb\config.yaml", line 43, column 9
2025-04-22 12:21:50 ERROR config.py:171: User config file could not be loaded. Exiting Application.
2025-04-22 12:21:56 INFO log.py:21: Yasb v1.7.0
2025-04-22 12:21:56 DEBUG win32.py:55: Looking up time zone info from registry
2025-04-22 12:21:57 INFO weather.py:349: Fetched new weather data at 2025-04-22 12:21:57.070848
2025-04-22 12:21:57 DEBUG __init__.py:149: CoInitializeEx(None, 2)
2025-04-22 12:21:57 INFO watcher.py:39: Created file watcher for path C:\Users\user\.config\yasb
2025-04-22 12:21:57 INFO event_listener.py:53: Created named pipe yasb-87947ac3-1f8d-11f0-ab17-0a6110150034
2025-04-22 12:21:57 DEBUG _windows.py:213: Starting (proactor: <_IocpProactor overlapped#=0 result#=0>)...
2025-04-22 12:21:57 DEBUG _windows.py:192: Thread started
2025-04-22 12:22:18 INFO controller.py:12: Reloading Application because of config update...
2025-04-22 12:22:18 DEBUG _windows.py:218: Stopping worker thread...
2025-04-22 12:22:18 DEBUG _windows.py:201: Exiting thread
2025-04-22 12:22:18 DEBUG _windows.py:75: Closing
2025-04-22 12:22:18 INFO log.py:21: Yasb v1.7.0
2025-04-22 12:22:18 WARNING widget_builder.py:38: No widget config could be found for widget 'glazewm_workspaces
2025-04-22 12:22:18 DEBUG win32.py:55: Looking up time zone info from registry
2025-04-22 12:22:19 INFO weather.py:349: Fetched new weather data at 2025-04-22 12:22:19.047180
2025-04-22 12:22:19 DEBUG __init__.py:149: CoInitializeEx(None, 2)
2025-04-22 12:22:19 ERROR widget_builder.py:77: Failed to add undefined widget(s)  - The widget "glazewm_workspaces" is undefined.
2025-04-22 12:22:19 INFO event_listener.py:53: Created named pipe yasb-94ad9ffa-1f8d-11f0-af12-0a6110150034
2025-04-22 12:22:30 INFO log.py:21: Yasb v1.7.0
2025-04-22 12:22:30 ERROR main.py:34: Another instance of the YASB is already running.
2025-04-22 12:22:54 INFO log.py:21: Yasb v1.7.0
2025-04-22 12:22:55 DEBUG win32.py:55: Looking up time zone info from registry
2025-04-22 12:22:55 INFO weather.py:349: Fetched new weather data at 2025-04-22 12:22:55.276282
2025-04-22 12:22:55 DEBUG __init__.py:149: CoInitializeEx(None, 2)
2025-04-22 12:22:55 INFO watcher.py:39: Created file watcher for path C:\Users\user\.config\yasb
2025-04-22 12:22:55 INFO event_listener.py:53: Created named pipe yasb-aa44d4d7-1f8d-11f0-b030-0a6110150034
2025-04-22 12:22:55 DEBUG _windows.py:213: Starting (proactor: <_IocpProactor overlapped#=0 result#=0>)...
2025-04-22 12:22:55 DEBUG _windows.py:192: Thread started
2025-04-22 12:22:56 WARNING weather.py:395: Could not load icon http://cdn.weatherapi.com/weather/64x64/day/116.png: <urlopen error timed out>
2025-04-22 12:23:22 ERROR config.py:109: The config file 'C:\Users\user\.config\yasb\config.yaml' contains validation errors. Please fix:
widgets:
- glazewm_workspaces:
  - null value not allowed

2025-04-22 12:23:23 ERROR config.py:109: The config file 'C:\Users\user\.config\yasb\config.yaml' contains validation errors. Please fix:
widgets:
- glazewm_workspaces:
  - null value not allowed

2025-04-22 12:23:23 ERROR config.py:109: The config file 'C:\Users\user\.config\yasb\config.yaml' contains validation errors. Please fix:
widgets:
- glazewm_workspaces:
  - null value not allowed

2025-04-22 12:23:33 INFO log.py:21: Yasb v1.7.0
2025-04-22 12:23:33 ERROR config.py:109: The config file 'C:\Users\user\.config\yasb\config.yaml' contains validation errors. Please fix:
widgets:
- glazewm_workspaces:
  - null value not allowed

2025-04-22 12:23:33 ERROR config.py:171: User config file could not be loaded. Exiting Application.
2025-04-22 12:23:37 INFO log.py:21: Yasb v1.7.0
2025-04-22 12:23:37 ERROR config.py:109: The config file 'C:\Users\user\.config\yasb\config.yaml' contains validation errors. Please fix:
widgets:
- glazewm_workspaces:
  - null value not allowed

2025-04-22 12:23:37 ERROR config.py:171: User config file could not be loaded. Exiting Application.
2025-04-22 12:23:53 INFO log.py:21: Yasb v1.7.0
2025-04-22 12:23:53 DEBUG win32.py:55: Looking up time zone info from registry
2025-04-22 12:23:53 INFO weather.py:349: Fetched new weather data at 2025-04-22 12:23:53.923397
2025-04-22 12:23:53 DEBUG __init__.py:149: CoInitializeEx(None, 2)
2025-04-22 12:23:54 INFO watcher.py:39: Created file watcher for path C:\Users\user\.config\yasb
2025-04-22 12:23:54 INFO event_listener.py:53: Created named pipe yasb-cd3a9628-1f8d-11f0-9874-0a6110150034
2025-04-22 12:23:54 DEBUG _windows.py:213: Starting (proactor: <_IocpProactor overlapped#=0 result#=0>)...
2025-04-22 12:23:54 DEBUG _windows.py:192: Thread started
2025-04-22 12:23:55 WARNING weather.py:395: Could not load icon http://cdn.weatherapi.com/weather/64x64/day/116.png: <urlopen error timed out>
2025-04-22 12:24:02 INFO controller.py:12: Reloading Application because of config update...
2025-04-22 12:24:02 DEBUG _windows.py:218: Stopping worker thread...
2025-04-22 12:24:02 DEBUG _windows.py:201: Exiting thread
2025-04-22 12:24:02 DEBUG _windows.py:75: Closing
2025-04-22 12:24:02 INFO log.py:21: Yasb v1.7.0
2025-04-22 12:24:03 DEBUG win32.py:55: Looking up time zone info from registry
2025-04-22 12:24:03 INFO weather.py:349: Fetched new weather data at 2025-04-22 12:24:03.462181
2025-04-22 12:24:03 DEBUG __init__.py:149: CoInitializeEx(None, 2)
2025-04-22 12:24:03 INFO watcher.py:39: Created file watcher for path C:\Users\user\.config\yasb
2025-04-22 12:24:03 INFO event_listener.py:53: Created named pipe yasb-d2e98fd7-1f8d-11f0-9312-0a6110150034
2025-04-22 12:24:03 DEBUG _windows.py:213: Starting (proactor: <_IocpProactor overlapped#=0 result#=0>)...
2025-04-22 12:24:03 DEBUG _windows.py:192: Thread started
2025-04-22 12:24:08 INFO log.py:21: Yasb v1.7.0
2025-04-22 12:24:08 ERROR main.py:34: Another instance of the YASB is already running.
2025-04-22 12:24:18 INFO log.py:21: Yasb v1.7.0
2025-04-22 12:24:18 DEBUG win32.py:55: Looking up time zone info from registry
2025-04-22 12:24:18 INFO weather.py:349: Fetched new weather data at 2025-04-22 12:24:18.804526
2025-04-22 12:24:18 DEBUG __init__.py:149: CoInitializeEx(None, 2)
2025-04-22 12:24:19 INFO watcher.py:39: Created file watcher for path C:\Users\user\.config\yasb
2025-04-22 12:24:19 INFO event_listener.py:53: Created named pipe yasb-dc20fc9d-1f8d-11f0-9442-0a6110150034
2025-04-22 12:24:19 DEBUG _windows.py:213: Starting (proactor: <_IocpProactor overlapped#=0 result#=0>)...
2025-04-22 12:24:19 DEBUG _windows.py:192: Thread started
2025-04-22 13:28:13 INFO log.py:21: Yasb v1.7.0
2025-04-22 13:28:13 DEBUG win32.py:55: Looking up time zone info from registry
2025-04-22 13:28:16 INFO weather.py:349: Fetched new weather data at 2025-04-22 13:28:16.664704
2025-04-22 13:28:16 DEBUG __init__.py:149: CoInitializeEx(None, 2)
2025-04-22 13:28:17 INFO watcher.py:39: Created file watcher for path C:\Users\user\.config\yasb
2025-04-22 13:28:17 INFO event_listener.py:53: Created named pipe yasb-cbc6366c-1f96-11f0-b5cc-0a6110150034
2025-04-22 13:28:17 DEBUG _windows.py:213: Starting (proactor: <_IocpProactor overlapped#=0 result#=0>)...
2025-04-22 13:28:17 DEBUG _windows.py:192: Thread started
2025-04-22 13:31:36 INFO controller.py:12: Reloading Application because of config update...
2025-04-22 13:31:36 DEBUG _windows.py:218: Stopping worker thread...
2025-04-22 13:31:36 DEBUG _windows.py:201: Exiting thread
2025-04-22 13:31:36 DEBUG _windows.py:75: Closing
2025-04-22 13:31:37 INFO log.py:21: Yasb v1.7.0
2025-04-22 13:31:37 DEBUG win32.py:55: Looking up time zone info from registry
2025-04-22 13:31:37 INFO weather.py:349: Fetched new weather data at 2025-04-22 13:31:37.428101
2025-04-22 13:31:37 DEBUG __init__.py:149: CoInitializeEx(None, 2)
2025-04-22 13:31:37 INFO watcher.py:39: Created file watcher for path C:\Users\user\.config\yasb
2025-04-22 13:31:37 INFO event_listener.py:53: Created named pipe yasb-43431dff-1f97-11f0-8176-0a6110150034
2025-04-22 13:31:37 DEBUG _windows.py:213: Starting (proactor: <_IocpProactor overlapped#=0 result#=0>)...
2025-04-22 13:31:37 DEBUG _windows.py:192: Thread started
2025-04-22 13:44:00 INFO log.py:21: Yasb v1.7.0
2025-04-22 13:44:01 DEBUG win32.py:55: Looking up time zone info from registry
2025-04-22 13:44:03 INFO weather.py:349: Fetched new weather data at 2025-04-22 13:44:03.124144
2025-04-22 13:44:03 DEBUG __init__.py:149: CoInitializeEx(None, 2)
2025-04-22 13:44:03 INFO watcher.py:39: Created file watcher for path C:\Users\user\.config\yasb
2025-04-22 13:44:03 INFO event_listener.py:53: Created named pipe yasb-ffe11024-1f98-11f0-97ce-0a6110150034
2025-04-22 13:44:03 DEBUG _windows.py:213: Starting (proactor: <_IocpProactor overlapped#=0 result#=0>)...
2025-04-22 13:44:03 DEBUG _windows.py:192: Thread started
2025-04-22 13:44:04 WARNING weather.py:395: Could not load icon http://cdn.weatherapi.com/weather/64x64/day/116.png: <urlopen error timed out>
2025-04-22 13:50:46 INFO log.py:21: Yasb v1.7.0
2025-04-22 13:50:47 DEBUG win32.py:55: Looking up time zone info from registry
2025-04-22 13:50:49 INFO weather.py:349: Fetched new weather data at 2025-04-22 13:50:49.336514
2025-04-22 13:50:49 DEBUG __init__.py:149: CoInitializeEx(None, 2)
2025-04-22 13:50:49 INFO watcher.py:39: Created file watcher for path C:\Users\user\.config\yasb
2025-04-22 13:50:49 INFO event_listener.py:53: Created named pipe yasb-f2016738-1f99-11f0-a9f7-0a6110150034
2025-04-22 13:50:49 DEBUG _windows.py:213: Starting (proactor: <_IocpProactor overlapped#=0 result#=0>)...
2025-04-22 13:50:49 DEBUG _windows.py:192: Thread started
2025-04-22 13:50:51 WARNING weather.py:395: Could not load icon http://cdn.weatherapi.com/weather/64x64/day/116.png: <urlopen error timed out>
2025-04-22 22:00:52 INFO log.py:21: Yasb v1.7.0
2025-04-22 22:00:53 DEBUG win32.py:55: Looking up time zone info from registry
2025-04-22 22:00:55 INFO weather.py:349: Fetched new weather data at 2025-04-22 22:00:55.977603
2025-04-22 22:00:56 DEBUG __init__.py:149: CoInitializeEx(None, 2)
2025-04-22 22:00:57 INFO watcher.py:39: Created file watcher for path C:\Users\user\.config\yasb
2025-04-22 22:00:57 INFO event_listener.py:53: Created named pipe yasb-6a1b36fa-1fde-11f0-80ec-0a6110150034
2025-04-22 22:00:57 DEBUG _windows.py:213: Starting (proactor: <_IocpProactor overlapped#=0 result#=0>)...
2025-04-22 22:00:57 DEBUG _windows.py:192: Thread started
2025-04-22 22:01:13 INFO log.py:21: Yasb v1.7.0
2025-04-22 22:01:14 DEBUG win32.py:55: Looking up time zone info from registry
2025-04-22 22:01:14 INFO weather.py:349: Fetched new weather data at 2025-04-22 22:01:14.354882
2025-04-22 22:01:14 DEBUG __init__.py:149: CoInitializeEx(None, 2)
2025-04-22 22:01:14 INFO watcher.py:39: Created file watcher for path C:\Users\user\.config\yasb
2025-04-22 22:01:14 INFO event_listener.py:53: Created named pipe yasb-749fb232-1fde-11f0-bf14-0a6110150034
2025-04-22 22:01:14 DEBUG _windows.py:213: Starting (proactor: <_IocpProactor overlapped#=0 result#=0>)...
2025-04-22 22:01:14 DEBUG _windows.py:192: Thread started
2025-04-22 22:11:14 INFO weather.py:349: Fetched new weather data at 2025-04-22 22:11:14.345337
2025-04-22 22:21:14 INFO weather.py:349: Fetched new weather data at 2025-04-22 22:21:14.358989
2025-04-22 22:31:14 INFO weather.py:349: Fetched new weather data at 2025-04-22 22:31:14.359272
2025-04-22 22:38:46 INFO log.py:21: Yasb v1.7.0
2025-04-22 22:38:47 DEBUG win32.py:55: Looking up time zone info from registry
2025-04-22 22:38:47 INFO weather.py:349: Fetched new weather data at 2025-04-22 22:38:47.272752
2025-04-22 22:38:47 DEBUG __init__.py:149: CoInitializeEx(None, 2)
2025-04-22 22:38:47 INFO watcher.py:39: Created file watcher for path C:\Users\user\.config\yasb
2025-04-22 22:38:47 INFO event_listener.py:53: Created named pipe yasb-b39227e4-1fe3-11f0-9df8-0a6110150034
2025-04-22 22:38:47 DEBUG _windows.py:213: Starting (proactor: <_IocpProactor overlapped#=0 result#=0>)...
2025-04-22 22:38:47 DEBUG _windows.py:192: Thread started
2025-04-22 22:39:09 INFO log.py:21: Yasb v1.7.0
2025-04-22 22:39:09 DEBUG win32.py:55: Looking up time zone info from registry
2025-04-22 22:39:09 INFO weather.py:349: Fetched new weather data at 2025-04-22 22:39:09.923418
2025-04-22 22:39:09 DEBUG __init__.py:149: CoInitializeEx(None, 2)
2025-04-22 22:39:10 INFO watcher.py:39: Created file watcher for path C:\Users\user\.config\yasb
2025-04-22 22:39:10 INFO event_listener.py:53: Created named pipe yasb-c0eb3a2e-1fe3-11f0-931d-0a6110150034
2025-04-22 22:39:10 DEBUG _windows.py:213: Starting (proactor: <_IocpProactor overlapped#=0 result#=0>)...
2025-04-22 22:39:10 DEBUG _windows.py:192: Thread started
2025-04-22 22:39:11 WARNING weather.py:395: Could not load icon http://cdn.weatherapi.com/weather/64x64/day/116.png: <urlopen error timed out>
2025-04-22 22:49:09 INFO weather.py:349: Fetched new weather data at 2025-04-22 22:49:09.930056
2025-04-22 22:49:11 WARNING weather.py:395: Could not load icon http://cdn.weatherapi.com/weather/64x64/day/116.png: <urlopen error timed out>
2025-04-22 22:59:09 INFO weather.py:349: Fetched new weather data at 2025-04-22 22:59:09.930263
2025-04-22 23:09:09 INFO weather.py:349: Fetched new weather data at 2025-04-22 23:09:09.937501
2025-04-22 23:19:09 INFO weather.py:349: Fetched new weather data at 2025-04-22 23:19:09.930308
2025-04-22 23:29:09 INFO weather.py:349: Fetched new weather data at 2025-04-22 23:29:09.922820
2025-04-22 23:36:54 ERROR main.py:95: Unhandled exception
Traceback (most recent call last):
  File "D:\a\yasb\yasb\src\core\widgets\yasb\taskbar.py", line 181, in _process_event
  File "D:\a\yasb\yasb\src\core\widgets\yasb\taskbar.py", line 185, in _update_label
  File "D:\a\yasb\yasb\src\core\widgets\yasb\taskbar.py", line 390, in get_visible_windows
  File "D:\a\yasb\yasb\src\core\widgets\yasb\taskbar.py", line 362, in enum_windows_proc
pywintypes.error: (1400, 'GetClassName', 'O identificador da janela é inválido.')
2025-04-22 23:37:05 INFO log.py:21: Yasb v1.7.0
2025-04-22 23:37:05 DEBUG win32.py:55: Looking up time zone info from registry
2025-04-22 23:37:05 INFO weather.py:349: Fetched new weather data at 2025-04-22 23:37:05.599113
2025-04-22 23:37:05 DEBUG __init__.py:149: CoInitializeEx(None, 2)
2025-04-22 23:37:06 INFO watcher.py:39: Created file watcher for path C:\Users\user\.config\yasb
2025-04-22 23:37:06 INFO event_listener.py:53: Created named pipe yasb-d8a2b1c9-1feb-11f0-b251-0a6110150034
2025-04-22 23:37:06 DEBUG _windows.py:213: Starting (proactor: <_IocpProactor overlapped#=0 result#=0>)...
2025-04-22 23:37:06 DEBUG _windows.py:192: Thread started
2025-04-22 23:37:07 WARNING weather.py:395: Could not load icon http://cdn.weatherapi.com/weather/64x64/day/116.png: <urlopen error timed out>
2025-04-22 23:47:05 INFO weather.py:349: Fetched new weather data at 2025-04-22 23:47:05.596788
2025-04-22 23:57:05 INFO weather.py:349: Fetched new weather data at 2025-04-22 23:57:05.687686
2025-04-23 16:48:27 INFO log.py:21: Yasb v1.7.0
2025-04-23 16:48:29 DEBUG win32.py:55: Looking up time zone info from registry
2025-04-23 16:48:35 INFO weather.py:349: Fetched new weather data at 2025-04-23 16:48:35.804209
2025-04-23 16:48:35 DEBUG __init__.py:149: CoInitializeEx(None, 2)
2025-04-23 16:48:38 INFO watcher.py:39: Created file watcher for path C:\Users\USER\.config\yasb
2025-04-23 16:48:38 INFO event_listener.py:53: Created named pipe yasb-f384a8d3-207b-11f0-968f-103d1c05225f
2025-04-23 16:48:38 DEBUG _windows.py:213: Starting (proactor: <_IocpProactor overlapped#=0 result#=0>)...
2025-04-23 16:48:38 DEBUG _windows.py:192: Thread started
2025-04-23 16:58:35 INFO weather.py:349: Fetched new weather data at 2025-04-23 16:58:35.801635
2025-04-23 17:18:43 INFO weather.py:349: Fetched new weather data at 2025-04-23 17:18:43.872225
2025-04-23 17:28:43 INFO weather.py:349: Fetched new weather data at 2025-04-23 17:28:43.877318
2025-04-23 17:38:43 INFO weather.py:349: Fetched new weather data at 2025-04-23 17:38:43.874655
2025-04-23 17:46:27 INFO log.py:21: Yasb v1.7.0
2025-04-23 17:46:27 DEBUG win32.py:55: Looking up time zone info from registry
2025-04-23 17:46:28 INFO weather.py:349: Fetched new weather data at 2025-04-23 17:46:28.121932
2025-04-23 17:46:28 DEBUG __init__.py:149: CoInitializeEx(None, 2)
2025-04-23 17:46:29 INFO watcher.py:39: Created file watcher for path C:\Users\USER\.config\yasb
2025-04-23 17:46:29 INFO event_listener.py:53: Created named pipe yasb-088865a2-2084-11f0-b78a-103d1c05225f
2025-04-23 17:46:30 DEBUG _windows.py:213: Starting (proactor: <_IocpProactor overlapped#=0 result#=0>)...
2025-04-23 17:46:30 DEBUG _windows.py:192: Thread started
2025-04-23 17:49:39 INFO log.py:21: Yasb v1.7.0
2025-04-23 17:49:39 DEBUG win32.py:55: Looking up time zone info from registry
2025-04-23 17:49:39 INFO weather.py:349: Fetched new weather data at 2025-04-23 17:49:39.931424
2025-04-23 17:49:39 DEBUG __init__.py:149: CoInitializeEx(None, 2)
2025-04-23 17:49:41 INFO watcher.py:39: Created file watcher for path C:\Users\USER\.config\yasb
2025-04-23 17:49:41 INFO event_listener.py:53: Created named pipe yasb-7a8d0384-2084-11f0-8e3c-103d1c05225f
2025-04-23 17:49:41 DEBUG _windows.py:213: Starting (proactor: <_IocpProactor overlapped#=0 result#=0>)...
2025-04-23 17:49:41 DEBUG _windows.py:192: Thread started
2025-04-23 17:59:39 INFO weather.py:349: Fetched new weather data at 2025-04-23 17:59:39.931381
